[debug] [2026-03-27T12:04:26.418Z] [Firebase Plugin] Activating Firebase extension.
[debug] [2026-03-27T12:04:37.708Z] [Firebase Plugin] requireAuthWrapper
[debug] [2026-03-27T12:04:37.712Z] > command requires scopes: ["email","openid","https://www.googleapis.com/auth/cloudplatformprojects.readonly","https://www.googleapis.com/auth/firebase","https://www.googleapis.com/auth/cloud-platform"]
[debug] [2026-03-27T12:04:37.713Z] > authorizing via signed-in user (josehoraciobernardo90@gmail.com)
[debug] [2026-03-27T12:04:37.721Z] Checked if tokens are valid: false, expires at: 1774558085155
[debug] [2026-03-27T12:04:37.722Z] Checked if tokens are valid: false, expires at: 1774558085155
[debug] [2026-03-27T12:04:37.724Z] > refreshing access token with scopes: []
[debug] [2026-03-27T12:04:37.729Z] >>> [apiv2][query] POST https://www.googleapis.com/oauth2/v3/token [none]
[debug] [2026-03-27T12:04:37.730Z] >>> [apiv2][body] POST https://www.googleapis.com/oauth2/v3/token [omitted]
[debug] [2026-03-27T12:04:37.766Z] [Firebase Plugin] VSCode notification server listening on port 40001
[debug] [2026-03-27T12:04:38.927Z] <<< [apiv2][status] POST https://www.googleapis.com/oauth2/v3/token 200
[debug] [2026-03-27T12:04:38.928Z] <<< [apiv2][body] POST https://www.googleapis.com/oauth2/v3/token [omitted]
[debug] [2026-03-27T12:04:39.078Z] [Firebase Plugin] User found:  josehoraciobernardo90@gmail.com
[info] [Firebase Plugin] (Core:Project) New user detected, fetching projects
[debug] [2026-03-27T12:04:39.081Z] Checked if tokens are valid: true, expires at: 1774616677928
[debug] [2026-03-27T12:04:39.084Z] >>> [apiv2][query] GET https://firebase.googleapis.com/v1beta1/projects pageSize=1000
[info] [Firebase Plugin] Starting Data Connect toolkit (version 3.2.1) on port 50001
[debug] [2026-03-27T12:04:40.938Z] I0327 14:04:40.785760   37432 control.go:100] [projects/emulator/locations/emulator/services/investimentopoupanca a668] UpdateResources(): done
Main schema: sources: schema\schema.gql [1992B] 
Connector "example": sources: example\mutations.gql [1243B] example\queries.gql [1801B] 
 {"metadata":{"emulator":{"name":"dataconnect"},"message":"I0327 14:04:40.785760   37432 control.go:100] [projects/emulator/locations/emulator/services/investimentopoupanca a668] UpdateResources(): done\nMain schema: sources: schema\\schema.gql [1992B] \nConnector \"example\": sources: example\\mutations.gql [1243B] example\\queries.gql [1801B] \n"}}
[debug] [2026-03-27T12:04:40.940Z] Ignoring unsupported arg: auto_download {"metadata":{"emulator":{"name":"dataconnect"},"message":"Ignoring unsupported arg: auto_download"}}
[debug] [2026-03-27T12:04:40.940Z] Ignoring unsupported arg: port {"metadata":{"emulator":{"name":"dataconnect"},"message":"Ignoring unsupported arg: port"}}
[debug] [2026-03-27T12:04:40.941Z] Starting Data Connect Emulator with command {"binary":"C:\\Users\\DELL\\.cache\\firebase\\emulators\\dataconnect-emulator-3.2.1.exe","args":["--logtostderr","-v=2","dev","--listen=localhost:50001","--config_dir=c:\\Users\\DELL\\Downloads\\Investimento poupanca\\dataconnect","--enable_output_schema_extensions=true","--enable_output_generated_sdk=true"],"optionalArgs":["listen","config_dir","enable_output_schema_extensions","enable_output_generated_sdk"],"joinArgs":true,"shell":false,"port":9399} {"metadata":{"emulator":{"name":"dataconnect"},"message":"Starting Data Connect Emulator with command {\"binary\":\"C:\\\\Users\\\\DELL\\\\.cache\\\\firebase\\\\emulators\\\\dataconnect-emulator-3.2.1.exe\",\"args\":[\"--logtostderr\",\"-v=2\",\"dev\",\"--listen=localhost:50001\",\"--config_dir=c:\\\\Users\\\\DELL\\\\Downloads\\\\Investimento poupanca\\\\dataconnect\",\"--enable_output_schema_extensions=true\",\"--enable_output_generated_sdk=true\"],\"optionalArgs\":[\"listen\",\"config_dir\",\"enable_output_schema_extensions\",\"enable_output_generated_sdk\"],\"joinArgs\":true,\"shell\":false,\"port\":9399}"}}
[info] i  dataconnect: Data Connect Emulator logging to dataconnect-debug.log {"metadata":{"emulator":{"name":"dataconnect"},"message":"Data Connect Emulator logging to \u001b[1mdataconnect-debug.log\u001b[22m"}}
[debug] [2026-03-27T12:04:42.663Z] <<< [apiv2][status] GET https://firebase.googleapis.com/v1beta1/projects 200
[debug] [2026-03-27T12:04:42.665Z] <<< [apiv2][body] GET https://firebase.googleapis.com/v1beta1/projects [omitted]
[debug] [2026-03-27T12:04:46.683Z] I0327 14:04:46.055683   15464 load.go:31] Reloading schema and connectors...
 {"metadata":{"emulator":{"name":"dataconnect"},"message":"I0327 14:04:46.055683   15464 load.go:31] Reloading schema and connectors...\n"}}
[debug] [2026-03-27T12:04:46.943Z] I0327 14:04:46.948071   15464 control.go:100] [projects/emulator/locations/emulator/services/investimentopoupanca f4de] UpdateResources(): done
Main schema: sources: schema\schema.gql [1992B] 
Connector "example": sources: example\queries.gql [1801B] example\mutations.gql [1243B] 
 {"metadata":{"emulator":{"name":"dataconnect"},"message":"I0327 14:04:46.948071   15464 control.go:100] [projects/emulator/locations/emulator/services/investimentopoupanca f4de] UpdateResources(): done\nMain schema: sources: schema\\schema.gql [1992B] \nConnector \"example\": sources: example\\queries.gql [1801B] example\\mutations.gql [1243B] \n"}}
[debug] [2026-03-27T12:04:46.981Z] I0327 14:04:46.985842   15464 codegen.go:80] [connector "example" javascriptSdk] Generating sources into "c:\\Users\\DELL\\Downloads\\Investimento poupanca\\src\\dataconnect-generated"
 {"metadata":{"emulator":{"name":"dataconnect"},"message":"I0327 14:04:46.985842   15464 codegen.go:80] [connector \"example\" javascriptSdk] Generating sources into \"c:\\\\Users\\\\DELL\\\\Downloads\\\\Investimento poupanca\\\\src\\\\dataconnect-generated\"\n"}}
[debug] [2026-03-27T12:04:47.009Z] I0327 14:04:47.014216   15464 codegen.go:80] [connector "example" javascriptSdk] Generating sources into "c:\\Users\\DELL\\Downloads\\Investimento poupanca\\lib\\db\\src\\dataconnect-generated"
 {"metadata":{"emulator":{"name":"dataconnect"},"message":"I0327 14:04:47.014216   15464 codegen.go:80] [connector \"example\" javascriptSdk] Generating sources into \"c:\\\\Users\\\\DELL\\\\Downloads\\\\Investimento poupanca\\\\lib\\\\db\\\\src\\\\dataconnect-generated\"\n"}}
[debug] [2026-03-27T12:04:47.031Z] I0327 14:04:47.033851   15464 collector.go:107] schema extensions wrote into "c:\\Users\\DELL\\Downloads\\Investimento poupanca\\dataconnect\\.dataconnect\\schema"
Generated sources: main\mutation.gql [13679B] main\implicit.gql [1261B] main\input.gql [28173B] main\relation.gql [14318B] main\query.gql [5099B] prelude.gql [80731B] 
 {"metadata":{"emulator":{"name":"dataconnect"},"message":"I0327 14:04:47.033851   15464 collector.go:107] schema extensions wrote into \"c:\\\\Users\\\\DELL\\\\Downloads\\\\Investimento poupanca\\\\dataconnect\\\\.dataconnect\\\\schema\"\nGenerated sources: main\\mutation.gql [13679B] main\\implicit.gql [1261B] main\\input.gql [28173B] main\\relation.gql [14318B] main\\query.gql [5099B] prelude.gql [80731B] \n"}}
[debug] [2026-03-27T12:04:47.044Z] I0327 14:04:47.048363   15464 collector.go:107] connector "example" javascriptSdk wrote into "c:\\Users\\DELL\\Downloads\\Investimento poupanca\\src\\dataconnect-generated"
Generated sources: index.d.ts [8025B] index.cjs.js [4060B] .guides/usage.md [1705B] .guides/setup.md [584B] esm\index.esm.js [3570B] esm\package.json [17B] package.json [637B] README.md [40804B] .guides/config.json [236B] 
 {"metadata":{"emulator":{"name":"dataconnect"},"message":"I0327 14:04:47.048363   15464 collector.go:107] connector \"example\" javascriptSdk wrote into \"c:\\\\Users\\\\DELL\\\\Downloads\\\\Investimento poupanca\\\\src\\\\dataconnect-generated\"\nGenerated sources: index.d.ts [8025B] index.cjs.js [4060B] .guides/usage.md [1705B] .guides/setup.md [584B] esm\\index.esm.js [3570B] esm\\package.json [17B] package.json [637B] README.md [40804B] .guides/config.json [236B] \n"}}
[debug] [2026-03-27T12:04:47.060Z] I0327 14:04:47.065217   15464 installsdk.go:86] Running command: pnpm link src\dataconnect-generated
 {"metadata":{"emulator":{"name":"dataconnect"},"message":"I0327 14:04:47.065217   15464 installsdk.go:86] Running command: pnpm link src\\dataconnect-generated\n"}}
[debug] [2026-03-27T12:04:47.061Z] E0327 14:04:47.065400   15464 installsdk.go:88] Failed to install package: exec: "pnpm": executable file not found in %PATH%
 {"metadata":{"emulator":{"name":"dataconnect"},"message":"E0327 14:04:47.065400   15464 installsdk.go:88] Failed to install package: exec: \"pnpm\": executable file not found in %PATH%\n"}}
[debug] [2026-03-27T12:04:47.067Z] I0327 14:04:47.072118   15464 collector.go:107] connector "example" javascriptSdk wrote into "c:\\Users\\DELL\\Downloads\\Investimento poupanca\\lib\\db\\src\\dataconnect-generated"
Generated sources: .guides/usage.md [1705B] .guides/setup.md [584B] esm\index.esm.js [3570B] README.md [40804B] .guides/config.json [236B] index.d.ts [8025B] esm\package.json [17B] index.cjs.js [4060B] package.json [637B] 
 {"metadata":{"emulator":{"name":"dataconnect"},"message":"I0327 14:04:47.072118   15464 collector.go:107] connector \"example\" javascriptSdk wrote into \"c:\\\\Users\\\\DELL\\\\Downloads\\\\Investimento poupanca\\\\lib\\\\db\\\\src\\\\dataconnect-generated\"\nGenerated sources: .guides/usage.md [1705B] .guides/setup.md [584B] esm\\index.esm.js [3570B] README.md [40804B] .guides/config.json [236B] index.d.ts [8025B] esm\\package.json [17B] index.cjs.js [4060B] package.json [637B] \n"}}
[debug] [2026-03-27T12:04:47.075Z] I0327 14:04:47.080098   15464 installsdk.go:86] Running command: C:\Program Files\nodejs\npm.cmd install file:src\dataconnect-generated
 {"metadata":{"emulator":{"name":"dataconnect"},"message":"I0327 14:04:47.080098   15464 installsdk.go:86] Running command: C:\\Program Files\\nodejs\\npm.cmd install file:src\\dataconnect-generated\n"}}
[debug] [2026-03-27T12:04:55.682Z] E0327 14:04:55.687722   15464 installsdk.go:88] Failed to install package: exit status 0xc000013a
 {"metadata":{"emulator":{"name":"dataconnect"},"message":"E0327 14:04:55.687722   15464 installsdk.go:88] Failed to install package: exit status 0xc000013a\n"}}
[debug] [2026-03-27T12:04:55.747Z] I0327 14:04:55.687722   15464 load.go:109] Finished reloading
 {"metadata":{"emulator":{"name":"dataconnect"},"message":"I0327 14:04:55.687722   15464 load.go:109] Finished reloading\n"}}
[debug] [2026-03-27T12:04:55.845Z] I0327 14:04:55.850149   15464 dev.go:104] Listening on address (HTTP + gRPC): 127.0.0.1:50001
 {"metadata":{"emulator":{"name":"dataconnect"},"message":"I0327 14:04:55.850149   15464 dev.go:104] Listening on address (HTTP + gRPC): 127.0.0.1:50001\n"}}
[debug] [2026-03-27T12:31:02.669Z] [Firebase Plugin] Value of process.env.MONOSPACE_ENV: undefined
[debug] [2026-03-27T12:31:02.676Z] [Firebase Plugin] requireAuthWrapper
[debug] [2026-03-27T12:31:02.688Z] > command requires scopes: ["email","openid","https://www.googleapis.com/auth/cloudplatformprojects.readonly","https://www.googleapis.com/auth/firebase","https://www.googleapis.com/auth/cloud-platform"]
[debug] [2026-03-27T12:31:02.690Z] > authorizing via signed-in user (josehoraciobernardo90@gmail.com)
[debug] [2026-03-27T12:31:02.692Z] Checked if tokens are valid: true, expires at: 1774616677928
[debug] [2026-03-27T12:31:02.693Z] [Firebase Plugin] User found:  josehoraciobernardo90@gmail.com
[info] [Firebase Plugin] (Core:Project) New user detected, fetching projects
[debug] [2026-03-27T12:31:02.703Z] Checked if tokens are valid: true, expires at: 1774616677928
[debug] [2026-03-27T12:31:02.716Z] >>> [apiv2][query] GET https://firebase.googleapis.com/v1beta1/projects pageSize=1000
[debug] [2026-03-27T12:31:02.885Z] [Firebase Plugin] Value of process.env.MONOSPACE_ENV: undefined
[debug] [2026-03-27T12:31:02.890Z] [Firebase Plugin] requireAuthWrapper
[debug] [2026-03-27T12:31:02.892Z] > command requires scopes: ["email","openid","https://www.googleapis.com/auth/cloudplatformprojects.readonly","https://www.googleapis.com/auth/firebase","https://www.googleapis.com/auth/cloud-platform"]
[debug] [2026-03-27T12:31:02.893Z] > authorizing via signed-in user (josehoraciobernardo90@gmail.com)
[debug] [2026-03-27T12:31:02.895Z] Checked if tokens are valid: true, expires at: 1774616677928
[debug] [2026-03-27T12:31:02.896Z] [Firebase Plugin] User found:  josehoraciobernardo90@gmail.com
[info] [Firebase Plugin] (Core:Project) New user detected, fetching projects
[debug] [2026-03-27T12:31:02.902Z] Checked if tokens are valid: true, expires at: 1774616677928
[debug] [2026-03-27T12:31:02.903Z] >>> [apiv2][query] GET https://firebase.googleapis.com/v1beta1/projects pageSize=1000
[debug] [2026-03-27T12:31:04.376Z] <<< [apiv2][status] GET https://firebase.googleapis.com/v1beta1/projects 200
[debug] [2026-03-27T12:31:04.376Z] <<< [apiv2][body] GET https://firebase.googleapis.com/v1beta1/projects [omitted]
[debug] [2026-03-27T12:31:05.388Z] <<< [apiv2][status] GET https://firebase.googleapis.com/v1beta1/projects 200
[debug] [2026-03-27T12:31:05.389Z] <<< [apiv2][body] GET https://firebase.googleapis.com/v1beta1/projects [omitted]
[debug] [2026-03-27T20:26:25.272Z] [Firebase Plugin] Received CLI notification.
[debug] [2026-03-27T20:26:25.384Z] [Firebase Plugin] Received emulators shutdown notification.
